{"level":"info","message":"Production logger test process","timestamp":"2023-08-22T16:50:13.720Z"}
{"level":"info","message":"noExistingFunction is not defined","timestamp":"2023-08-22T16:50:13.727Z"}
{"level":"info","message":"Production logger test process","timestamp":"2023-08-22T16:50:18.486Z"}
{"level":"info","message":"noExistingFunction is not defined","timestamp":"2023-08-22T16:50:18.487Z"}
{"level":"info","message":"Production logger test process","timestamp":"2023-08-22T17:02:11.484Z"}
{"level":"info","message":"noExistingFunction is not defined","timestamp":"2023-08-22T17:02:11.487Z"}
{"level":"info","message":"Production logger test process","timestamp":"2023-08-22T17:21:18.821Z"}
{"level":"info","message":"noExistingFunction is not defined","timestamp":"2023-08-22T17:21:18.825Z"}
{"level":"info","message":"Production logger test process","timestamp":"2023-08-22T17:21:52.056Z"}
{"level":"info","message":"noExistingFunction is not defined","timestamp":"2023-08-22T17:21:52.056Z"}
{"level":"info","message":"Database: MongoDB","timestamp":"2023-09-03T18:55:52.470Z"}
{"level":"info","message":"Connected!","timestamp":"2023-09-03T18:55:52.486Z"}
{"level":"info","message":"App running on C:\\Users\\joaco\\OneDrive\\Desktop\\Programación\\curso-backend\\src - server http://localhost:8080","timestamp":"2023-09-03T18:55:52.795Z"}
{"level":"info","message":"Database: MongoDB","timestamp":"2023-09-03T18:56:41.272Z"}
{"level":"info","message":"Connected!","timestamp":"2023-09-03T18:56:41.289Z"}
{"level":"info","message":"App running on C:\\Users\\joaco\\OneDrive\\Desktop\\Programación\\curso-backend\\src - server http://localhost:8080","timestamp":"2023-09-03T18:56:41.609Z"}
{"level":"info","message":"Is logged as: {\"cookie\":{\"originalMaxAge\":null,\"expires\":null,\"httpOnly\":true,\"path\":\"/\"},\"passport\":{\"user\":\"64cd9909a5243f46e9b016d9\"},\"email\":\"joaquin.perez.coria@gmail.com\",\"first_name\":\"JPC\",\"last_name\":\"noLast\",\"age\":0,\"role\":\"user\",\"avatar\":\"https://avatars.githubusercontent.com/u/117238069?v=4\",\"cartId\":{\"products\":[],\"_id\":\"64cd9909a5243f46e9b016d7\",\"__v\":0}}","timestamp":"2023-09-03T20:00:10.104Z"}
{"level":"info","message":"Connected to socket -daoF_bFyAutonWdAAAB","timestamp":"2023-09-03T20:00:14.258Z"}
{"level":"info","message":"Connected to socket AL9WUgBXUDYrUVmZAAAD","timestamp":"2023-09-03T20:00:22.653Z"}
{"level":"info","message":"Is logged as: {\"cookie\":{\"originalMaxAge\":null,\"expires\":null,\"httpOnly\":true,\"path\":\"/\"},\"passport\":{\"user\":\"64cd9909a5243f46e9b016d9\"},\"email\":\"joaquin.perez.coria@gmail.com\",\"first_name\":\"JPC\",\"last_name\":\"noLast\",\"age\":0,\"role\":\"user\",\"avatar\":\"https://avatars.githubusercontent.com/u/117238069?v=4\",\"cartId\":{\"products\":[],\"_id\":\"64cd9909a5243f46e9b016d7\",\"__v\":0}}","timestamp":"2023-09-03T20:00:32.157Z"}
{"level":"info","message":"Connected to socket BQLAWYduONi9cj7hAAAF","timestamp":"2023-09-03T20:00:34.167Z"}
{"level":"info","message":"Se creo: {\n  code: 'LrqpUxR2Qw',\n  purchase_datetime: 1693771237137,\n  amount: 500,\n  purchaser: 'joaquin.perez.coria@gmail.com',\n  _id: new ObjectId(\"64f4e5e5e8312f48a3770b82\"),\n  __v: 0\n}","timestamp":"2023-09-03T20:00:37.374Z"}
{"level":"info","message":"Connected to socket 949NgMFz09hWsuXKAAAH","timestamp":"2023-09-03T20:00:48.867Z"}
